0 info it worked if it ends with ok
1 verbose cli [ 'C:\\Program Files\\nodejs\\node.exe',
1 verbose cli   'C:\\Users\\DeadBlue\\AppData\\Roaming\\npm\\node_modules\\cnpm\\node_modules\\npm\\bin\\npm-cli.js',
1 verbose cli   '--userconfig=C:\\Users\\DeadBlue\\.cnpmrc',
1 verbose cli   '--disturl=https://npm.taobao.org/mirrors/node',
1 verbose cli   '--cache=C:\\Users\\DeadBlue\\.cnpm',
1 verbose cli   '--registry=https://registry.npm.taobao.org',
1 verbose cli   '--node-gyp=C:\\Users\\DeadBlue\\AppData\\Roaming\\npm\\node_modules\\cnpm\\node_modules\\node-gyp\\bin\\node-gyp.js',
1 verbose cli   'start' ]
2 info using npm@2.14.9
3 info using node@v5.0.0
4 verbose run-script [ 'prestart', 'start', 'poststart' ]
5 info prestart CollegeTrade@0.0.1
6 info start CollegeTrade@0.0.1
7 verbose unsafe-perm in lifecycle true
8 info CollegeTrade@0.0.1 Failed to exec start script
9 verbose stack Error: CollegeTrade@0.0.1 start: `node ./bin/www`
9 verbose stack Exit status 1
9 verbose stack     at EventEmitter.<anonymous> (C:\Users\DeadBlue\AppData\Roaming\npm\node_modules\cnpm\node_modules\npm\lib\utils\lifecycle.js:214:16)
9 verbose stack     at emitTwo (events.js:87:13)
9 verbose stack     at EventEmitter.emit (events.js:172:7)
9 verbose stack     at ChildProcess.<anonymous> (C:\Users\DeadBlue\AppData\Roaming\npm\node_modules\cnpm\node_modules\npm\lib\utils\spawn.js:24:14)
9 verbose stack     at emitTwo (events.js:87:13)
9 verbose stack     at ChildProcess.emit (events.js:172:7)
9 verbose stack     at maybeClose (internal/child_process.js:818:16)
9 verbose stack     at Process.ChildProcess._handle.onexit (internal/child_process.js:211:5)
10 verbose pkgid CollegeTrade@0.0.1
11 verbose cwd E:\Work\CollegeTrade\Client
12 error Windows_NT 10.0.10586
13 error argv "C:\\Program Files\\nodejs\\node.exe" "C:\\Users\\DeadBlue\\AppData\\Roaming\\npm\\node_modules\\cnpm\\node_modules\\npm\\bin\\npm-cli.js" "--userconfig=C:\\Users\\DeadBlue\\.cnpmrc" "--disturl=https://npm.taobao.org/mirrors/node" "--cache=C:\\Users\\DeadBlue\\.cnpm" "--registry=https://registry.npm.taobao.org" "--node-gyp=C:\\Users\\DeadBlue\\AppData\\Roaming\\npm\\node_modules\\cnpm\\node_modules\\node-gyp\\bin\\node-gyp.js" "start"
14 error node v5.0.0
15 error npm  v2.14.9
16 error code ELIFECYCLE
17 error CollegeTrade@0.0.1 start: `node ./bin/www`
17 error Exit status 1
18 error Failed at the CollegeTrade@0.0.1 start script 'node ./bin/www'.
18 error This is most likely a problem with the CollegeTrade package,
18 error not with npm itself.
18 error Tell the author that this fails on your system:
18 error     node ./bin/www
18 error You can get their info via:
18 error     npm owner ls CollegeTrade
18 error There is likely additional logging output above.
19 verbose exit [ 1, true ]
